Build started 6/2/2014 6:07:15 PM.
     1>Project "C:\Vinyl Games\Sheridan College\libs\SFGUI-0.2.3\build\sfgui.vcxproj" on node 2 (Build target(s)).
     1>ClCompile:
         C:\Program Files (x86)\Microsoft Visual Studio 11.0\VC\bin\CL.exe /c /I"C:\sdk\SFGUI-0.2.3\include" /I"C:\Vinyl Games\Sheridan College\libs\SFML-2.1\include" /I"C:\Vinyl Games\Sheridan College\libs\glew-1.10.0\include" /I"C:\sdk\SFGUI-0.2.3\extlibs\libELL\include" /Zi /nologo /W3 /WX- /Od /Ob0 /Oy- /D WIN32 /D _WINDOWS /D _DEBUG /D GLEW_STATIC /D SFGUI_INCLUDE_FONT /D WIN32 /D "CMAKE_INTDIR=\"Debug\"" /D SFGUI_EXPORTS /D _WINDLL /D _MBCS /Gm- /EHsc /RTC1 /MDd /GS /fp:precise /Zc:wchar_t /Zc:forScope /GR /Fo"sfgui.dir\Debug\\" /Fd"sfgui.dir\Debug\vc110.pdb" /Gd /TP /analyze- /errorReport:prompt ..\src\SFGUI\Adjustment.cpp ..\src\SFGUI\Alignment.cpp ..\src\SFGUI\Bin.cpp ..\src\SFGUI\Box.cpp ..\src\SFGUI\Canvas.cpp ..\src\SFGUI\Container.cpp ..\src\SFGUI\Context.cpp ..\src\SFGUI\Desktop.cpp ..\src\SFGUI\Engine.cpp ..\src\SFGUI\Engines\BREW.cpp ..\src\SFGUI\Fixed.cpp ..\src\SFGUI\Object.cpp ..\src\SFGUI\Primitive.cpp ..\src\SFGUI\RadioButton.cpp ..\src\SFGUI\Range.cpp ..\src\SFGUI\RenderQueue.cpp ..\src\SFGUI\Renderer.cpp ..\src\SFGUI\RendererViewport.cpp ..\src\SFGUI\Renderers\VertexArrayRenderer.cpp ..\src\SFGUI\Renderers\VertexBufferRenderer.cpp ..\src\SFGUI\Signal.cpp
         Adjustment.cpp
         Alignment.cpp
         Bin.cpp
         Box.cpp
         Canvas.cpp
         Container.cpp
         Context.cpp
         Desktop.cpp
         Engine.cpp
         BREW.cpp
         Fixed.cpp
         Object.cpp
         Primitive.cpp
         RadioButton.cpp
         Range.cpp
         RenderQueue.cpp
         Renderer.cpp
         RendererViewport.cpp
         VertexArrayRenderer.cpp
         VertexBufferRenderer.cpp
         Generating Code...
         Compiling...
         Signal.cpp
         Generating Code...
         C:\Program Files (x86)\Microsoft Visual Studio 11.0\VC\bin\CL.exe /c /I"C:\sdk\SFGUI-0.2.3\include" /I"C:\Vinyl Games\Sheridan College\libs\SFML-2.1\include" /I"C:\Vinyl Games\Sheridan College\libs\glew-1.10.0\include" /I"C:\sdk\SFGUI-0.2.3\extlibs\libELL\include" /Zi /nologo /W3 /WX- /Od /Ob0 /Oy- /D WIN32 /D _WINDOWS /D _DEBUG /D GLEW_STATIC /D SFGUI_INCLUDE_FONT /D WIN32 /D "CMAKE_INTDIR=\"Debug\"" /D SFGUI_EXPORTS /D _WINDLL /D _MBCS /Gm- /EHsc /RTC1 /MDd /GS /fp:precise /Zc:wchar_t /Zc:forScope /GR /Fo"sfgui.dir\Debug\/src/SFGUI/Button.cpp.obj" /Fd"sfgui.dir\Debug\vc110.pdb" /Gd /TP /analyze- /errorReport:prompt ..\src\SFGUI\Button.cpp
         Button.cpp
         C:\Program Files (x86)\Microsoft Visual Studio 11.0\VC\bin\CL.exe /c /I"C:\sdk\SFGUI-0.2.3\include" /I"C:\Vinyl Games\Sheridan College\libs\SFML-2.1\include" /I"C:\Vinyl Games\Sheridan College\libs\glew-1.10.0\include" /I"C:\sdk\SFGUI-0.2.3\extlibs\libELL\include" /Zi /nologo /W3 /WX- /Od /Ob0 /Oy- /D WIN32 /D _WINDOWS /D _DEBUG /D GLEW_STATIC /D SFGUI_INCLUDE_FONT /D WIN32 /D "CMAKE_INTDIR=\"Debug\"" /D SFGUI_EXPORTS /D _WINDLL /D _MBCS /Gm- /EHsc /RTC1 /MDd /GS /fp:precise /Zc:wchar_t /Zc:forScope /GR /Fo"sfgui.dir\Debug\/src/SFGUI/CheckButton.cpp.obj" /Fd"sfgui.dir\Debug\vc110.pdb" /Gd /TP /analyze- /errorReport:prompt ..\src\SFGUI\CheckButton.cpp
         CheckButton.cpp
         C:\Program Files (x86)\Microsoft Visual Studio 11.0\VC\bin\CL.exe /c /I"C:\sdk\SFGUI-0.2.3\include" /I"C:\Vinyl Games\Sheridan College\libs\SFML-2.1\include" /I"C:\Vinyl Games\Sheridan College\libs\glew-1.10.0\include" /I"C:\sdk\SFGUI-0.2.3\extlibs\libELL\include" /Zi /nologo /W3 /WX- /Od /Ob0 /Oy- /D WIN32 /D _WINDOWS /D _DEBUG /D GLEW_STATIC /D SFGUI_INCLUDE_FONT /D WIN32 /D "CMAKE_INTDIR=\"Debug\"" /D SFGUI_EXPORTS /D _WINDLL /D _MBCS /Gm- /EHsc /RTC1 /MDd /GS /fp:precise /Zc:wchar_t /Zc:forScope /GR /Fo"sfgui.dir\Debug\/src/SFGUI/ComboBox.cpp.obj" /Fd"sfgui.dir\Debug\vc110.pdb" /Gd /TP /analyze- /errorReport:prompt ..\src\SFGUI\ComboBox.cpp
         ComboBox.cpp
         C:\Program Files (x86)\Microsoft Visual Studio 11.0\VC\bin\CL.exe /c /I"C:\sdk\SFGUI-0.2.3\include" /I"C:\Vinyl Games\Sheridan College\libs\SFML-2.1\include" /I"C:\Vinyl Games\Sheridan College\libs\glew-1.10.0\include" /I"C:\sdk\SFGUI-0.2.3\extlibs\libELL\include" /Zi /nologo /W3 /WX- /Od /Ob0 /Oy- /D WIN32 /D _WINDOWS /D _DEBUG /D GLEW_STATIC /D SFGUI_INCLUDE_FONT /D WIN32 /D "CMAKE_INTDIR=\"Debug\"" /D SFGUI_EXPORTS /D _WINDLL /D _MBCS /Gm- /EHsc /RTC1 /MDd /GS /fp:precise /Zc:wchar_t /Zc:forScope /GR /Fo"sfgui.dir\Debug\/src/SFGUI/Engines/BREW/Button.cpp.obj" /Fd"sfgui.dir\Debug\vc110.pdb" /Gd /TP /analyze- /errorReport:prompt ..\src\SFGUI\Engines\BREW\Button.cpp
         Button.cpp
         C:\Program Files (x86)\Microsoft Visual Studio 11.0\VC\bin\CL.exe /c /I"C:\sdk\SFGUI-0.2.3\include" /I"C:\Vinyl Games\Sheridan College\libs\SFML-2.1\include" /I"C:\Vinyl Games\Sheridan College\libs\glew-1.10.0\include" /I"C:\sdk\SFGUI-0.2.3\extlibs\libELL\include" /Zi /nologo /W3 /WX- /Od /Ob0 /Oy- /D WIN32 /D _WINDOWS /D _DEBUG /D GLEW_STATIC /D SFGUI_INCLUDE_FONT /D WIN32 /D "CMAKE_INTDIR=\"Debug\"" /D SFGUI_EXPORTS /D _WINDLL /D _MBCS /Gm- /EHsc /RTC1 /MDd /GS /fp:precise /Zc:wchar_t /Zc:forScope /GR /Fo"sfgui.dir\Debug\/src/SFGUI/Engines/BREW/CheckButton.cpp.obj" /Fd"sfgui.dir\Debug\vc110.pdb" /Gd /TP /analyze- /errorReport:prompt ..\src\SFGUI\Engines\BREW\CheckButton.cpp
         CheckButton.cpp
         C:\Program Files (x86)\Microsoft Visual Studio 11.0\VC\bin\CL.exe /c /I"C:\sdk\SFGUI-0.2.3\include" /I"C:\Vinyl Games\Sheridan College\libs\SFML-2.1\include" /I"C:\Vinyl Games\Sheridan College\libs\glew-1.10.0\include" /I"C:\sdk\SFGUI-0.2.3\extlibs\libELL\include" /Zi /nologo /W3 /WX- /Od /Ob0 /Oy- /D WIN32 /D _WINDOWS /D _DEBUG /D GLEW_STATIC /D SFGUI_INCLUDE_FONT /D WIN32 /D "CMAKE_INTDIR=\"Debug\"" /D SFGUI_EXPORTS /D _WINDLL /D _MBCS /Gm- /EHsc /RTC1 /MDd /GS /fp:precise /Zc:wchar_t /Zc:forScope /GR /Fo"sfgui.dir\Debug\/src/SFGUI/Engines/BREW/ComboBox.cpp.obj" /Fd"sfgui.dir\Debug\vc110.pdb" /Gd /TP /analyze- /errorReport:prompt ..\src\SFGUI\Engines\BREW\ComboBox.cpp
         ComboBox.cpp
         C:\Program Files (x86)\Microsoft Visual Studio 11.0\VC\bin\CL.exe /c /I"C:\sdk\SFGUI-0.2.3\include" /I"C:\Vinyl Games\Sheridan College\libs\SFML-2.1\include" /I"C:\Vinyl Games\Sheridan College\libs\glew-1.10.0\include" /I"C:\sdk\SFGUI-0.2.3\extlibs\libELL\include" /Zi /nologo /W3 /WX- /Od /Ob0 /Oy- /D WIN32 /D _WINDOWS /D _DEBUG /D GLEW_STATIC /D SFGUI_INCLUDE_FONT /D WIN32 /D "CMAKE_INTDIR=\"Debug\"" /D SFGUI_EXPORTS /D _WINDLL /D _MBCS /Gm- /EHsc /RTC1 /MDd /GS /fp:precise /Zc:wchar_t /Zc:forScope /GR /Fo"sfgui.dir\Debug\/src/SFGUI/Engines/BREW/Entry.cpp.obj" /Fd"sfgui.dir\Debug\vc110.pdb" /Gd /TP /analyze- /errorReport:prompt ..\src\SFGUI\Engines\BREW\Entry.cpp
         Entry.cpp
         C:\Program Files (x86)\Microsoft Visual Studio 11.0\VC\bin\CL.exe /c /I"C:\sdk\SFGUI-0.2.3\include" /I"C:\Vinyl Games\Sheridan College\libs\SFML-2.1\include" /I"C:\Vinyl Games\Sheridan College\libs\glew-1.10.0\include" /I"C:\sdk\SFGUI-0.2.3\extlibs\libELL\include" /Zi /nologo /W3 /WX- /Od /Ob0 /Oy- /D WIN32 /D _WINDOWS /D _DEBUG /D GLEW_STATIC /D SFGUI_INCLUDE_FONT /D WIN32 /D "CMAKE_INTDIR=\"Debug\"" /D SFGUI_EXPORTS /D _WINDLL /D _MBCS /Gm- /EHsc /RTC1 /MDd /GS /fp:precise /Zc:wchar_t /Zc:forScope /GR /Fo"sfgui.dir\Debug\/src/SFGUI/Engines/BREW/Frame.cpp.obj" /Fd"sfgui.dir\Debug\vc110.pdb" /Gd /TP /analyze- /errorReport:prompt ..\src\SFGUI\Engines\BREW\Frame.cpp
         Frame.cpp
         C:\Program Files (x86)\Microsoft Visual Studio 11.0\VC\bin\CL.exe /c /I"C:\sdk\SFGUI-0.2.3\include" /I"C:\Vinyl Games\Sheridan College\libs\SFML-2.1\include" /I"C:\Vinyl Games\Sheridan College\libs\glew-1.10.0\include" /I"C:\sdk\SFGUI-0.2.3\extlibs\libELL\include" /Zi /nologo /W3 /WX- /Od /Ob0 /Oy- /D WIN32 /D _WINDOWS /D _DEBUG /D GLEW_STATIC /D SFGUI_INCLUDE_FONT /D WIN32 /D "CMAKE_INTDIR=\"Debug\"" /D SFGUI_EXPORTS /D _WINDLL /D _MBCS /Gm- /EHsc /RTC1 /MDd /GS /fp:precise /Zc:wchar_t /Zc:forScope /GR /Fo"sfgui.dir\Debug\/src/SFGUI/Engines/BREW/Image.cpp.obj" /Fd"sfgui.dir\Debug\vc110.pdb" /Gd /TP /analyze- /errorReport:prompt ..\src\SFGUI\Engines\BREW\Image.cpp
         Image.cpp
         C:\Program Files (x86)\Microsoft Visual Studio 11.0\VC\bin\CL.exe /c /I"C:\sdk\SFGUI-0.2.3\include" /I"C:\Vinyl Games\Sheridan College\libs\SFML-2.1\include" /I"C:\Vinyl Games\Sheridan College\libs\glew-1.10.0\include" /I"C:\sdk\SFGUI-0.2.3\extlibs\libELL\include" /Zi /nologo /W3 /WX- /Od /Ob0 /Oy- /D WIN32 /D _WINDOWS /D _DEBUG /D GLEW_STATIC /D SFGUI_INCLUDE_FONT /D WIN32 /D "CMAKE_INTDIR=\"Debug\"" /D SFGUI_EXPORTS /D _WINDLL /D _MBCS /Gm- /EHsc /RTC1 /MDd /GS /fp:precise /Zc:wchar_t /Zc:forScope /GR /Fo"sfgui.dir\Debug\/src/SFGUI/Engines/BREW/Label.cpp.obj" /Fd"sfgui.dir\Debug\vc110.pdb" /Gd /TP /analyze- /errorReport:prompt ..\src\SFGUI\Engines\BREW\Label.cpp
         Label.cpp
         C:\Program Files (x86)\Microsoft Visual Studio 11.0\VC\bin\CL.exe /c /I"C:\sdk\SFGUI-0.2.3\include" /I"C:\Vinyl Games\Sheridan College\libs\SFML-2.1\include" /I"C:\Vinyl Games\Sheridan College\libs\glew-1.10.0\include" /I"C:\sdk\SFGUI-0.2.3\extlibs\libELL\include" /Zi /nologo /W3 /WX- /Od /Ob0 /Oy- /D WIN32 /D _WINDOWS /D _DEBUG /D GLEW_STATIC /D SFGUI_INCLUDE_FONT /D WIN32 /D "CMAKE_INTDIR=\"Debug\"" /D SFGUI_EXPORTS /D _WINDLL /D _MBCS /Gm- /EHsc /RTC1 /MDd /GS /fp:precise /Zc:wchar_t /Zc:forScope /GR /Fo"sfgui.dir\Debug\/src/SFGUI/Engines/BREW/Notebook.cpp.obj" /Fd"sfgui.dir\Debug\vc110.pdb" /Gd /TP /analyze- /errorReport:prompt ..\src\SFGUI\Engines\BREW\Notebook.cpp
         Notebook.cpp
         C:\Program Files (x86)\Microsoft Visual Studio 11.0\VC\bin\CL.exe /c /I"C:\sdk\SFGUI-0.2.3\include" /I"C:\Vinyl Games\Sheridan College\libs\SFML-2.1\include" /I"C:\Vinyl Games\Sheridan College\libs\glew-1.10.0\include" /I"C:\sdk\SFGUI-0.2.3\extlibs\libELL\include" /Zi /nologo /W3 /WX- /Od /Ob0 /Oy- /D WIN32 /D _WINDOWS /D _DEBUG /D GLEW_STATIC /D SFGUI_INCLUDE_FONT /D WIN32 /D "CMAKE_INTDIR=\"Debug\"" /D SFGUI_EXPORTS /D _WINDLL /D _MBCS /Gm- /EHsc /RTC1 /MDd /GS /fp:precise /Zc:wchar_t /Zc:forScope /GR /Fo"sfgui.dir\Debug\/src/SFGUI/Engines/BREW/ProgressBar.cpp.obj" /Fd"sfgui.dir\Debug\vc110.pdb" /Gd /TP /analyze- /errorReport:prompt ..\src\SFGUI\Engines\BREW\ProgressBar.cpp
         ProgressBar.cpp
         C:\Program Files (x86)\Microsoft Visual Studio 11.0\VC\bin\CL.exe /c /I"C:\sdk\SFGUI-0.2.3\include" /I"C:\Vinyl Games\Sheridan College\libs\SFML-2.1\include" /I"C:\Vinyl Games\Sheridan College\libs\glew-1.10.0\include" /I"C:\sdk\SFGUI-0.2.3\extlibs\libELL\include" /Zi /nologo /W3 /WX- /Od /Ob0 /Oy- /D WIN32 /D _WINDOWS /D _DEBUG /D GLEW_STATIC /D SFGUI_INCLUDE_FONT /D WIN32 /D "CMAKE_INTDIR=\"Debug\"" /D SFGUI_EXPORTS /D _WINDLL /D _MBCS /Gm- /EHsc /RTC1 /MDd /GS /fp:precise /Zc:wchar_t /Zc:forScope /GR /Fo"sfgui.dir\Debug\/src/SFGUI/Engines/BREW/Scale.cpp.obj" /Fd"sfgui.dir\Debug\vc110.pdb" /Gd /TP /analyze- /errorReport:prompt ..\src\SFGUI\Engines\BREW\Scale.cpp
         Scale.cpp
         C:\Program Files (x86)\Microsoft Visual Studio 11.0\VC\bin\CL.exe /c /I"C:\sdk\SFGUI-0.2.3\include" /I"C:\Vinyl Games\Sheridan College\libs\SFML-2.1\include" /I"C:\Vinyl Games\Sheridan College\libs\glew-1.10.0\include" /I"C:\sdk\SFGUI-0.2.3\extlibs\libELL\include" /Zi /nologo /W3 /WX- /Od /Ob0 /Oy- /D WIN32 /D _WINDOWS /D _DEBUG /D GLEW_STATIC /D SFGUI_INCLUDE_FONT /D WIN32 /D "CMAKE_INTDIR=\"Debug\"" /D SFGUI_EXPORTS /D _WINDLL /D _MBCS /Gm- /EHsc /RTC1 /MDd /GS /fp:precise /Zc:wchar_t /Zc:forScope /GR /Fo"sfgui.dir\Debug\/src/SFGUI/Engines/BREW/Scrollbar.cpp.obj" /Fd"sfgui.dir\Debug\vc110.pdb" /Gd /TP /analyze- /errorReport:prompt ..\src\SFGUI\Engines\BREW\Scrollbar.cpp
         Scrollbar.cpp
         C:\Program Files (x86)\Microsoft Visual Studio 11.0\VC\bin\CL.exe /c /I"C:\sdk\SFGUI-0.2.3\include" /I"C:\Vinyl Games\Sheridan College\libs\SFML-2.1\include" /I"C:\Vinyl Games\Sheridan College\libs\glew-1.10.0\include" /I"C:\sdk\SFGUI-0.2.3\extlibs\libELL\include" /Zi /nologo /W3 /WX- /Od /Ob0 /Oy- /D WIN32 /D _WINDOWS /D _DEBUG /D GLEW_STATIC /D SFGUI_INCLUDE_FONT /D WIN32 /D "CMAKE_INTDIR=\"Debug\"" /D SFGUI_EXPORTS /D _WINDLL /D _MBCS /Gm- /EHsc /RTC1 /MDd /GS /fp:precise /Zc:wchar_t /Zc:forScope /GR /Fo"sfgui.dir\Debug\/src/SFGUI/Engines/BREW/ScrolledWindow.cpp.obj" /Fd"sfgui.dir\Debug\vc110.pdb" /Gd /TP /analyze- /errorReport:prompt ..\src\SFGUI\Engines\BREW\ScrolledWindow.cpp
         ScrolledWindow.cpp
         C:\Program Files (x86)\Microsoft Visual Studio 11.0\VC\bin\CL.exe /c /I"C:\sdk\SFGUI-0.2.3\include" /I"C:\Vinyl Games\Sheridan College\libs\SFML-2.1\include" /I"C:\Vinyl Games\Sheridan College\libs\glew-1.10.0\include" /I"C:\sdk\SFGUI-0.2.3\extlibs\libELL\include" /Zi /nologo /W3 /WX- /Od /Ob0 /Oy- /D WIN32 /D _WINDOWS /D _DEBUG /D GLEW_STATIC /D SFGUI_INCLUDE_FONT /D WIN32 /D "CMAKE_INTDIR=\"Debug\"" /D SFGUI_EXPORTS /D _WINDLL /D _MBCS /Gm- /EHsc /RTC1 /MDd /GS /fp:precise /Zc:wchar_t /Zc:forScope /GR /Fo"sfgui.dir\Debug\/src/SFGUI/Engines/BREW/Separator.cpp.obj" /Fd"sfgui.dir\Debug\vc110.pdb" /Gd /TP /analyze- /errorReport:prompt ..\src\SFGUI\Engines\BREW\Separator.cpp
         Separator.cpp
         C:\Program Files (x86)\Microsoft Visual Studio 11.0\VC\bin\CL.exe /c /I"C:\sdk\SFGUI-0.2.3\include" /I"C:\Vinyl Games\Sheridan College\libs\SFML-2.1\include" /I"C:\Vinyl Games\Sheridan College\libs\glew-1.10.0\include" /I"C:\sdk\SFGUI-0.2.3\extlibs\libELL\include" /Zi /nologo /W3 /WX- /Od /Ob0 /Oy- /D WIN32 /D _WINDOWS /D _DEBUG /D GLEW_STATIC /D SFGUI_INCLUDE_FONT /D WIN32 /D "CMAKE_INTDIR=\"Debug\"" /D SFGUI_EXPORTS /D _WINDLL /D _MBCS /Gm- /EHsc /RTC1 /MDd /GS /fp:precise /Zc:wchar_t /Zc:forScope /GR /Fo"sfgui.dir\Debug\/src/SFGUI/Engines/BREW/SpinButton.cpp.obj" /Fd"sfgui.dir\Debug\vc110.pdb" /Gd /TP /analyze- /errorReport:prompt ..\src\SFGUI\Engines\BREW\SpinButton.cpp
         SpinButton.cpp
         C:\Program Files (x86)\Microsoft Visual Studio 11.0\VC\bin\CL.exe /c /I"C:\sdk\SFGUI-0.2.3\include" /I"C:\Vinyl Games\Sheridan College\libs\SFML-2.1\include" /I"C:\Vinyl Games\Sheridan College\libs\glew-1.10.0\include" /I"C:\sdk\SFGUI-0.2.3\extlibs\libELL\include" /Zi /nologo /W3 /WX- /Od /Ob0 /Oy- /D WIN32 /D _WINDOWS /D _DEBUG /D GLEW_STATIC /D SFGUI_INCLUDE_FONT /D WIN32 /D "CMAKE_INTDIR=\"Debug\"" /D SFGUI_EXPORTS /D _WINDLL /D _MBCS /Gm- /EHsc /RTC1 /MDd /GS /fp:precise /Zc:wchar_t /Zc:forScope /GR /Fo"sfgui.dir\Debug\/src/SFGUI/Engines/BREW/Spinner.cpp.obj" /Fd"sfgui.dir\Debug\vc110.pdb" /Gd /TP /analyze- /errorReport:prompt ..\src\SFGUI\Engines\BREW\Spinner.cpp
         Spinner.cpp
         C:\Program Files (x86)\Microsoft Visual Studio 11.0\VC\bin\CL.exe /c /I"C:\sdk\SFGUI-0.2.3\include" /I"C:\Vinyl Games\Sheridan College\libs\SFML-2.1\include" /I"C:\Vinyl Games\Sheridan College\libs\glew-1.10.0\include" /I"C:\sdk\SFGUI-0.2.3\extlibs\libELL\include" /Zi /nologo /W3 /WX- /Od /Ob0 /Oy- /D WIN32 /D _WINDOWS /D _DEBUG /D GLEW_STATIC /D SFGUI_INCLUDE_FONT /D WIN32 /D "CMAKE_INTDIR=\"Debug\"" /D SFGUI_EXPORTS /D _WINDLL /D _MBCS /Gm- /EHsc /RTC1 /MDd /GS /fp:precise /Zc:wchar_t /Zc:forScope /GR /Fo"sfgui.dir\Debug\/src/SFGUI/Engines/BREW/ToggleButton.cpp.obj" /Fd"sfgui.dir\Debug\vc110.pdb" /Gd /TP /analyze- /errorReport:prompt ..\src\SFGUI\Engines\BREW\ToggleButton.cpp
         ToggleButton.cpp
         C:\Program Files (x86)\Microsoft Visual Studio 11.0\VC\bin\CL.exe /c /I"C:\sdk\SFGUI-0.2.3\include" /I"C:\Vinyl Games\Sheridan College\libs\SFML-2.1\include" /I"C:\Vinyl Games\Sheridan College\libs\glew-1.10.0\include" /I"C:\sdk\SFGUI-0.2.3\extlibs\libELL\include" /Zi /nologo /W3 /WX- /Od /Ob0 /Oy- /D WIN32 /D _WINDOWS /D _DEBUG /D GLEW_STATIC /D SFGUI_INCLUDE_FONT /D WIN32 /D "CMAKE_INTDIR=\"Debug\"" /D SFGUI_EXPORTS /D _WINDLL /D _MBCS /Gm- /EHsc /RTC1 /MDd /GS /fp:precise /Zc:wchar_t /Zc:forScope /GR /Fo"sfgui.dir\Debug\/src/SFGUI/Engines/BREW/Window.cpp.obj" /Fd"sfgui.dir\Debug\vc110.pdb" /Gd /TP /analyze- /errorReport:prompt ..\src\SFGUI\Engines\BREW\Window.cpp
         Window.cpp
         C:\Program Files (x86)\Microsoft Visual Studio 11.0\VC\bin\CL.exe /c /I"C:\sdk\SFGUI-0.2.3\include" /I"C:\Vinyl Games\Sheridan College\libs\SFML-2.1\include" /I"C:\Vinyl Games\Sheridan College\libs\glew-1.10.0\include" /I"C:\sdk\SFGUI-0.2.3\extlibs\libELL\include" /Zi /nologo /W3 /WX- /Od /Ob0 /Oy- /D WIN32 /D _WINDOWS /D _DEBUG /D GLEW_STATIC /D SFGUI_INCLUDE_FONT /D WIN32 /D "CMAKE_INTDIR=\"Debug\"" /D SFGUI_EXPORTS /D _WINDLL /D _MBCS /Gm- /EHsc /RTC1 /MDd /GS /fp:precise /Zc:wchar_t /Zc:forScope /GR /Fo"sfgui.dir\Debug\/src/SFGUI/Entry.cpp.obj" /Fd"sfgui.dir\Debug\vc110.pdb" /Gd /TP /analyze- /errorReport:prompt ..\src\SFGUI\Entry.cpp
         Entry.cpp
         C:\Program Files (x86)\Microsoft Visual Studio 11.0\VC\bin\CL.exe /c /I"C:\sdk\SFGUI-0.2.3\include" /I"C:\Vinyl Games\Sheridan College\libs\SFML-2.1\include" /I"C:\Vinyl Games\Sheridan College\libs\glew-1.10.0\include" /I"C:\sdk\SFGUI-0.2.3\extlibs\libELL\include" /Zi /nologo /W3 /WX- /Od /Ob0 /Oy- /D WIN32 /D _WINDOWS /D _DEBUG /D GLEW_STATIC /D SFGUI_INCLUDE_FONT /D WIN32 /D "CMAKE_INTDIR=\"Debug\"" /D SFGUI_EXPORTS /D _WINDLL /D _MBCS /Gm- /EHsc /RTC1 /MDd /GS /fp:precise /Zc:wchar_t /Zc:forScope /GR /Fo"sfgui.dir\Debug\/src/SFGUI/Frame.cpp.obj" /Fd"sfgui.dir\Debug\vc110.pdb" /Gd /TP /analyze- /errorReport:prompt ..\src\SFGUI\Frame.cpp
         Frame.cpp
         C:\Program Files (x86)\Microsoft Visual Studio 11.0\VC\bin\CL.exe /c /I"C:\sdk\SFGUI-0.2.3\include" /I"C:\Vinyl Games\Sheridan College\libs\SFML-2.1\include" /I"C:\Vinyl Games\Sheridan College\libs\glew-1.10.0\include" /I"C:\sdk\SFGUI-0.2.3\extlibs\libELL\include" /Zi /nologo /W3 /WX- /Od /Ob0 /Oy- /D WIN32 /D _WINDOWS /D _DEBUG /D GLEW_STATIC /D SFGUI_INCLUDE_FONT /D WIN32 /D "CMAKE_INTDIR=\"Debug\"" /D SFGUI_EXPORTS /D _WINDLL /D _MBCS /Gm- /EHsc /RTC1 /MDd /GS /fp:precise /Zc:wchar_t /Zc:forScope /GR /Fo"sfgui.dir\Debug\/src/SFGUI/Image.cpp.obj" /Fd"sfgui.dir\Debug\vc110.pdb" /Gd /TP /analyze- /errorReport:prompt ..\src\SFGUI\Image.cpp
         Image.cpp
         C:\Program Files (x86)\Microsoft Visual Studio 11.0\VC\bin\CL.exe /c /I"C:\sdk\SFGUI-0.2.3\include" /I"C:\Vinyl Games\Sheridan College\libs\SFML-2.1\include" /I"C:\Vinyl Games\Sheridan College\libs\glew-1.10.0\include" /I"C:\sdk\SFGUI-0.2.3\extlibs\libELL\include" /Zi /nologo /W3 /WX- /Od /Ob0 /Oy- /D WIN32 /D _WINDOWS /D _DEBUG /D GLEW_STATIC /D SFGUI_INCLUDE_FONT /D WIN32 /D "CMAKE_INTDIR=\"Debug\"" /D SFGUI_EXPORTS /D _WINDLL /D _MBCS /Gm- /EHsc /RTC1 /MDd /GS /fp:precise /Zc:wchar_t /Zc:forScope /GR /Fo"sfgui.dir\Debug\/src/SFGUI/Label.cpp.obj" /Fd"sfgui.dir\Debug\vc110.pdb" /Gd /TP /analyze- /errorReport:prompt ..\src\SFGUI\Label.cpp
         Label.cpp
         C:\Program Files (x86)\Microsoft Visual Studio 11.0\VC\bin\CL.exe /c /I"C:\sdk\SFGUI-0.2.3\include" /I"C:\Vinyl Games\Sheridan College\libs\SFML-2.1\include" /I"C:\Vinyl Games\Sheridan College\libs\glew-1.10.0\include" /I"C:\sdk\SFGUI-0.2.3\extlibs\libELL\include" /Zi /nologo /W3 /WX- /Od /Ob0 /Oy- /D WIN32 /D _WINDOWS /D _DEBUG /D GLEW_STATIC /D SFGUI_INCLUDE_FONT /D WIN32 /D "CMAKE_INTDIR=\"Debug\"" /D SFGUI_EXPORTS /D _WINDLL /D _MBCS /Gm- /EHsc /RTC1 /MDd /GS /fp:precise /Zc:wchar_t /Zc:forScope /GR /Fo"sfgui.dir\Debug\/src/SFGUI/Notebook.cpp.obj" /Fd"sfgui.dir\Debug\vc110.pdb" /Gd /TP /analyze- /errorReport:prompt ..\src\SFGUI\Notebook.cpp
         Notebook.cpp
         C:\Program Files (x86)\Microsoft Visual Studio 11.0\VC\bin\CL.exe /c /I"C:\sdk\SFGUI-0.2.3\include" /I"C:\Vinyl Games\Sheridan College\libs\SFML-2.1\include" /I"C:\Vinyl Games\Sheridan College\libs\glew-1.10.0\include" /I"C:\sdk\SFGUI-0.2.3\extlibs\libELL\include" /Zi /nologo /W3 /WX- /Od /Ob0 /Oy- /D WIN32 /D _WINDOWS /D _DEBUG /D GLEW_STATIC /D SFGUI_INCLUDE_FONT /D WIN32 /D "CMAKE_INTDIR=\"Debug\"" /D SFGUI_EXPORTS /D _WINDLL /D _MBCS /Gm- /EHsc /RTC1 /MDd /GS /fp:precise /Zc:wchar_t /Zc:forScope /GR /Fo"sfgui.dir\Debug\/src/SFGUI/ProgressBar.cpp.obj" /Fd"sfgui.dir\Debug\vc110.pdb" /Gd /TP /analyze- /errorReport:prompt ..\src\SFGUI\ProgressBar.cpp
         ProgressBar.cpp
         C:\Program Files (x86)\Microsoft Visual Studio 11.0\VC\bin\CL.exe /c /I"C:\sdk\SFGUI-0.2.3\include" /I"C:\Vinyl Games\Sheridan College\libs\SFML-2.1\include" /I"C:\Vinyl Games\Sheridan College\libs\glew-1.10.0\include" /I"C:\sdk\SFGUI-0.2.3\extlibs\libELL\include" /Zi /nologo /W3 /WX- /Od /Ob0 /Oy- /D WIN32 /D _WINDOWS /D _DEBUG /D GLEW_STATIC /D SFGUI_INCLUDE_FONT /D WIN32 /D "CMAKE_INTDIR=\"Debug\"" /D SFGUI_EXPORTS /D _WINDLL /D _MBCS /Gm- /EHsc /RTC1 /MDd /GS /fp:precise /Zc:wchar_t /Zc:forScope /GR /Fo"sfgui.dir\Debug\/src/SFGUI/Scale.cpp.obj" /Fd"sfgui.dir\Debug\vc110.pdb" /Gd /TP /analyze- /errorReport:prompt ..\src\SFGUI\Scale.cpp
         Scale.cpp
         C:\Program Files (x86)\Microsoft Visual Studio 11.0\VC\bin\CL.exe /c /I"C:\sdk\SFGUI-0.2.3\include" /I"C:\Vinyl Games\Sheridan College\libs\SFML-2.1\include" /I"C:\Vinyl Games\Sheridan College\libs\glew-1.10.0\include" /I"C:\sdk\SFGUI-0.2.3\extlibs\libELL\include" /Zi /nologo /W3 /WX- /Od /Ob0 /Oy- /D WIN32 /D _WINDOWS /D _DEBUG /D GLEW_STATIC /D SFGUI_INCLUDE_FONT /D WIN32 /D "CMAKE_INTDIR=\"Debug\"" /D SFGUI_EXPORTS /D _WINDLL /D _MBCS /Gm- /EHsc /RTC1 /MDd /GS /fp:precise /Zc:wchar_t /Zc:forScope /GR /Fo"sfgui.dir\Debug\/src/SFGUI/Scrollbar.cpp.obj" /Fd"sfgui.dir\Debug\vc110.pdb" /Gd /TP /analyze- /errorReport:prompt ..\src\SFGUI\Scrollbar.cpp
         Scrollbar.cpp
         C:\Program Files (x86)\Microsoft Visual Studio 11.0\VC\bin\CL.exe /c /I"C:\sdk\SFGUI-0.2.3\include" /I"C:\Vinyl Games\Sheridan College\libs\SFML-2.1\include" /I"C:\Vinyl Games\Sheridan College\libs\glew-1.10.0\include" /I"C:\sdk\SFGUI-0.2.3\extlibs\libELL\include" /Zi /nologo /W3 /WX- /Od /Ob0 /Oy- /D WIN32 /D _WINDOWS /D _DEBUG /D GLEW_STATIC /D SFGUI_INCLUDE_FONT /D WIN32 /D "CMAKE_INTDIR=\"Debug\"" /D SFGUI_EXPORTS /D _WINDLL /D _MBCS /Gm- /EHsc /RTC1 /MDd /GS /fp:precise /Zc:wchar_t /Zc:forScope /GR /Fo"sfgui.dir\Debug\/src/SFGUI/ScrolledWindow.cpp.obj" /Fd"sfgui.dir\Debug\vc110.pdb" /Gd /TP /analyze- /errorReport:prompt ..\src\SFGUI\ScrolledWindow.cpp
         ScrolledWindow.cpp
         C:\Program Files (x86)\Microsoft Visual Studio 11.0\VC\bin\CL.exe /c /I"C:\sdk\SFGUI-0.2.3\include" /I"C:\Vinyl Games\Sheridan College\libs\SFML-2.1\include" /I"C:\Vinyl Games\Sheridan College\libs\glew-1.10.0\include" /I"C:\sdk\SFGUI-0.2.3\extlibs\libELL\include" /Zi /nologo /W3 /WX- /Od /Ob0 /Oy- /D WIN32 /D _WINDOWS /D _DEBUG /D GLEW_STATIC /D SFGUI_INCLUDE_FONT /D WIN32 /D "CMAKE_INTDIR=\"Debug\"" /D SFGUI_EXPORTS /D _WINDLL /D _MBCS /Gm- /EHsc /RTC1 /MDd /GS /fp:precise /Zc:wchar_t /Zc:forScope /GR /Fo"sfgui.dir\Debug\/src/SFGUI/Separator.cpp.obj" /Fd"sfgui.dir\Debug\vc110.pdb" /Gd /TP /analyze- /errorReport:prompt ..\src\SFGUI\Separator.cpp
         Separator.cpp
         C:\Program Files (x86)\Microsoft Visual Studio 11.0\VC\bin\CL.exe /c /I"C:\sdk\SFGUI-0.2.3\include" /I"C:\Vinyl Games\Sheridan College\libs\SFML-2.1\include" /I"C:\Vinyl Games\Sheridan College\libs\glew-1.10.0\include" /I"C:\sdk\SFGUI-0.2.3\extlibs\libELL\include" /Zi /nologo /W3 /WX- /Od /Ob0 /Oy- /D WIN32 /D _WINDOWS /D _DEBUG /D GLEW_STATIC /D SFGUI_INCLUDE_FONT /D WIN32 /D "CMAKE_INTDIR=\"Debug\"" /D SFGUI_EXPORTS /D _WINDLL /D _MBCS /Gm- /EHsc /RTC1 /MDd /GS /fp:precise /Zc:wchar_t /Zc:forScope /GR /Fo"sfgui.dir\Debug\/src/SFGUI/SpinButton.cpp.obj" /Fd"sfgui.dir\Debug\vc110.pdb" /Gd /TP /analyze- /errorReport:prompt ..\src\SFGUI\SpinButton.cpp
         SpinButton.cpp
         C:\Program Files (x86)\Microsoft Visual Studio 11.0\VC\bin\CL.exe /c /I"C:\sdk\SFGUI-0.2.3\include" /I"C:\Vinyl Games\Sheridan College\libs\SFML-2.1\include" /I"C:\Vinyl Games\Sheridan College\libs\glew-1.10.0\include" /I"C:\sdk\SFGUI-0.2.3\extlibs\libELL\include" /Zi /nologo /W3 /WX- /Od /Ob0 /Oy- /D WIN32 /D _WINDOWS /D _DEBUG /D GLEW_STATIC /D SFGUI_INCLUDE_FONT /D WIN32 /D "CMAKE_INTDIR=\"Debug\"" /D SFGUI_EXPORTS /D _WINDLL /D _MBCS /Gm- /EHsc /RTC1 /MDd /GS /fp:precise /Zc:wchar_t /Zc:forScope /GR /Fo"sfgui.dir\Debug\/src/SFGUI/Spinner.cpp.obj" /Fd"sfgui.dir\Debug\vc110.pdb" /Gd /TP /analyze- /errorReport:prompt ..\src\SFGUI\Spinner.cpp
         Spinner.cpp
         C:\Program Files (x86)\Microsoft Visual Studio 11.0\VC\bin\CL.exe /c /I"C:\sdk\SFGUI-0.2.3\include" /I"C:\Vinyl Games\Sheridan College\libs\SFML-2.1\include" /I"C:\Vinyl Games\Sheridan College\libs\glew-1.10.0\include" /I"C:\sdk\SFGUI-0.2.3\extlibs\libELL\include" /Zi /nologo /W3 /WX- /Od /Ob0 /Oy- /D WIN32 /D _WINDOWS /D _DEBUG /D GLEW_STATIC /D SFGUI_INCLUDE_FONT /D WIN32 /D "CMAKE_INTDIR=\"Debug\"" /D SFGUI_EXPORTS /D _WINDLL /D _MBCS /Gm- /EHsc /RTC1 /MDd /GS /fp:precise /Zc:wchar_t /Zc:forScope /GR /Fo"sfgui.dir\Debug\/src/SFGUI/ToggleButton.cpp.obj" /Fd"sfgui.dir\Debug\vc110.pdb" /Gd /TP /analyze- /errorReport:prompt ..\src\SFGUI\ToggleButton.cpp
         ToggleButton.cpp
         C:\Program Files (x86)\Microsoft Visual Studio 11.0\VC\bin\CL.exe /c /I"C:\sdk\SFGUI-0.2.3\include" /I"C:\Vinyl Games\Sheridan College\libs\SFML-2.1\include" /I"C:\Vinyl Games\Sheridan College\libs\glew-1.10.0\include" /I"C:\sdk\SFGUI-0.2.3\extlibs\libELL\include" /Zi /nologo /W3 /WX- /Od /Ob0 /Oy- /D WIN32 /D _WINDOWS /D _DEBUG /D GLEW_STATIC /D SFGUI_INCLUDE_FONT /D WIN32 /D "CMAKE_INTDIR=\"Debug\"" /D SFGUI_EXPORTS /D _WINDLL /D _MBCS /Gm- /EHsc /RTC1 /MDd /GS /fp:precise /Zc:wchar_t /Zc:forScope /GR /Fo"sfgui.dir\Debug\/src/SFGUI/Window.cpp.obj" /Fd"sfgui.dir\Debug\vc110.pdb" /Gd /TP /analyze- /errorReport:prompt ..\src\SFGUI\Window.cpp
         Window.cpp
       Link:
         C:\Program Files (x86)\Microsoft Visual Studio 11.0\VC\bin\link.exe /ERRORREPORT:PROMPT /OUT:"C:\sdk\SFGUI-0.2.3\build\Debug\sfgui-d.dll" /INCREMENTAL /NOLOGO kernel32.lib user32.lib gdi32.lib winspool.lib shell32.lib ole32.lib oleaut32.lib uuid.lib comdlg32.lib advapi32.lib "C:\Vinyl Games\Sheridan College\libs\SFML-2.1\lib\sfml-graphics-d.lib" "C:\Vinyl Games\Sheridan College\libs\SFML-2.1\lib\sfml-window-d.lib" "C:\Vinyl Games\Sheridan College\libs\SFML-2.1\lib\sfml-system-d.lib" "C:\Vinyl Games\Sheridan College\libs\glew-1.10.0\lib\Release\Win32\glew32s.lib" opengl32.lib /MANIFEST /MANIFESTUAC:"level='asInvoker' uiAccess='false'" /manifest:embed /DEBUG /PDB:"C:/sdk/SFGUI-0.2.3/build/Debug/sfgui-d.pdb" /SUBSYSTEM:CONSOLE /TLBID:1 /DYNAMICBASE /NXCOMPAT /IMPLIB:"C:/sdk/SFGUI-0.2.3/build/Debug/sfgui-d.lib" /MACHINE:X86 /SAFESEH  /machine:X86 /debug /DLL sfgui.dir\Debug\Adjustment.obj
         sfgui.dir\Debug\Alignment.obj
         sfgui.dir\Debug\Bin.obj
         sfgui.dir\Debug\Box.obj
         sfgui.dir\Debug\Canvas.obj
         sfgui.dir\Debug\Container.obj
         sfgui.dir\Debug\Context.obj
         sfgui.dir\Debug\Desktop.obj
         sfgui.dir\Debug\Engine.obj
         sfgui.dir\Debug\BREW.obj
         sfgui.dir\Debug\FileResourceLoader.obj
         sfgui.dir\Debug\Fixed.obj
         sfgui.dir\Debug\Misc.obj
         sfgui.dir\Debug\Object.obj
         sfgui.dir\Debug\Grammar.obj
         sfgui.dir\Debug\GrammarPredicates.obj
         sfgui.dir\Debug\GrammarSelector.obj
         sfgui.dir\Debug\GrammarSimpleSelector.obj
         sfgui.dir\Debug\GrammarStatement.obj
         sfgui.dir\Debug\GrammarToken.obj
         sfgui.dir\Debug\Parse.obj
         sfgui.dir\Debug\Primitive.obj
         sfgui.dir\Debug\RadioButton.obj
         sfgui.dir\Debug\Range.obj
         sfgui.dir\Debug\RenderQueue.obj
         sfgui.dir\Debug\Renderer.obj
         sfgui.dir\Debug\RendererViewport.obj
         sfgui.dir\Debug\VertexArrayRenderer.obj
         sfgui.dir\Debug\VertexBufferRenderer.obj
         sfgui.dir\Debug\ResourceLoader.obj
         sfgui.dir\Debug\ResourceManager.obj
         sfgui.dir\Debug\SFGUI.obj
         sfgui.dir\Debug\Selector.obj
         sfgui.dir\Debug\Signal.obj
         sfgui.dir\Debug\Table.obj
         sfgui.dir\Debug\TableCell.obj
         sfgui.dir\Debug\TableOptions.obj
         sfgui.dir\Debug\Viewport.obj
         sfgui.dir\Debug\Widget.obj
         sfgui.dir\Debug\DejaVuSansFont.obj
         sfgui.dir\Debug\/src/SFGUI/Button.cpp.obj
         sfgui.dir\Debug\/src/SFGUI/CheckButton.cpp.obj
         sfgui.dir\Debug\/src/SFGUI/ComboBox.cpp.obj
         sfgui.dir\Debug\/src/SFGUI/Engines/BREW/Button.cpp.obj
         sfgui.dir\Debug\/src/SFGUI/Engines/BREW/CheckButton.cpp.obj
         sfgui.dir\Debug\/src/SFGUI/Engines/BREW/ComboBox.cpp.obj
         sfgui.dir\Debug\/src/SFGUI/Engines/BREW/Entry.cpp.obj
         sfgui.dir\Debug\/src/SFGUI/Engines/BREW/Frame.cpp.obj
         sfgui.dir\Debug\/src/SFGUI/Engines/BREW/Image.cpp.obj
         sfgui.dir\Debug\/src/SFGUI/Engines/BREW/Label.cpp.obj
         sfgui.dir\Debug\/src/SFGUI/Engines/BREW/Notebook.cpp.obj
         sfgui.dir\Debug\/src/SFGUI/Engines/BREW/ProgressBar.cpp.obj
         sfgui.dir\Debug\/src/SFGUI/Engines/BREW/Scale.cpp.obj
         sfgui.dir\Debug\/src/SFGUI/Engines/BREW/Scrollbar.cpp.obj
         sfgui.dir\Debug\/src/SFGUI/Engines/BREW/ScrolledWindow.cpp.obj
         sfgui.dir\Debug\/src/SFGUI/Engines/BREW/Separator.cpp.obj
         sfgui.dir\Debug\/src/SFGUI/Engines/BREW/SpinButton.cpp.obj
         sfgui.dir\Debug\/src/SFGUI/Engines/BREW/Spinner.cpp.obj
         sfgui.dir\Debug\/src/SFGUI/Engines/BREW/ToggleButton.cpp.obj
         sfgui.dir\Debug\/src/SFGUI/Engines/BREW/Window.cpp.obj
         sfgui.dir\Debug\/src/SFGUI/Entry.cpp.obj
         sfgui.dir\Debug\/src/SFGUI/Frame.cpp.obj
         sfgui.dir\Debug\/src/SFGUI/Image.cpp.obj
         sfgui.dir\Debug\/src/SFGUI/Label.cpp.obj
         sfgui.dir\Debug\/src/SFGUI/Notebook.cpp.obj
         sfgui.dir\Debug\/src/SFGUI/ProgressBar.cpp.obj
         sfgui.dir\Debug\/src/SFGUI/Scale.cpp.obj
         sfgui.dir\Debug\/src/SFGUI/Scrollbar.cpp.obj
         sfgui.dir\Debug\/src/SFGUI/ScrolledWindow.cpp.obj
         sfgui.dir\Debug\/src/SFGUI/Separator.cpp.obj
         sfgui.dir\Debug\/src/SFGUI/SpinButton.cpp.obj
         sfgui.dir\Debug\/src/SFGUI/Spinner.cpp.obj
         sfgui.dir\Debug\/src/SFGUI/ToggleButton.cpp.obj
         sfgui.dir\Debug\/src/SFGUI/Window.cpp.obj
            Creating library C:/sdk/SFGUI-0.2.3/build/Debug/sfgui-d.lib and object C:/sdk/SFGUI-0.2.3/build/Debug/sfgui-d.exp
     1>LINK : warning LNK4098: defaultlib 'LIBCMT' conflicts with use of other libs; use /NODEFAULTLIB:library
     1>glew32s.lib(glew.obj) : warning LNK4099: PDB 'vc100.pdb' was not found with 'glew32s.lib(glew.obj)' or at 'C:\sdk\SFGUI-0.2.3\build\Debug\vc100.pdb'; linking object as if no debug info
         sfgui.vcxproj -> C:\sdk\SFGUI-0.2.3\build\Debug\sfgui-d.dll
     1>Done Building Project "C:\Vinyl Games\Sheridan College\libs\SFGUI-0.2.3\build\sfgui.vcxproj" (Build target(s)).

Build succeeded.

Time Elapsed 00:01:09.49
